app/build/intermediates/manifest_merge_blame_file/release/processReleaseMainManifest/manifest-merger-blame-release-report.txt
1<?xml version="1.0" encoding="utf-8"?>
2<manifest xmlns:android="http://schemas.android.com/apk/res/android"
3    package="com.jmwl.gostudio"
4    android:versionCode="100"
5    android:versionName="1.0.0" >
6
7    <uses-sdk
8        android:minSdkVersion="26"
9        android:targetSdkVersion="28" />
10
11    <!-- 网络权限 -->
12    <uses-permission android:name="android.permission.INTERNET" />
12-->src/main/AndroidManifest.xml:5:5-67
12-->src/main/AndroidManifest.xml:5:22-64
13    <uses-permission android:name="android.permission.ACCESS_NETWORK_STATE" />
13-->src/main/AndroidManifest.xml:6:5-79
13-->src/main/AndroidManifest.xml:6:22-76
14
15    <!-- 存储权限 -->
16    <uses-permission android:name="android.permission.WRITE_EXTERNAL_STORAGE" />
16-->src/main/AndroidManifest.xml:9:5-81
16-->src/main/AndroidManifest.xml:9:22-78
17    <uses-permission android:name="android.permission.READ_EXTERNAL_STORAGE" />
17-->src/main/AndroidManifest.xml:10:5-80
17-->src/main/AndroidManifest.xml:10:22-77
18    <uses-permission android:name="android.permission.MANAGE_EXTERNAL_STORAGE" />
18-->src/main/AndroidManifest.xml:11:5-82
18-->src/main/AndroidManifest.xml:11:22-79
19
20    <!-- 前台服务权限 -->
21    <uses-permission android:name="android.permission.FOREGROUND_SERVICE" />
21-->src/main/AndroidManifest.xml:14:5-77
21-->src/main/AndroidManifest.xml:14:22-74
22    <uses-permission android:name="android.permission.FOREGROUND_SERVICE_DATA_SYNC" />
22-->src/main/AndroidManifest.xml:15:5-87
22-->src/main/AndroidManifest.xml:15:22-84
23
24    <!-- 保活权限 -->
25    <uses-permission android:name="android.permission.WAKE_LOCK" />
25-->src/main/AndroidManifest.xml:18:5-68
25-->src/main/AndroidManifest.xml:18:22-65
26    <uses-permission android:name="android.permission.REQUEST_IGNORE_BATTERY_OPTIMIZATIONS" />
26-->src/main/AndroidManifest.xml:19:5-95
26-->src/main/AndroidManifest.xml:19:22-92
27
28    <!-- 通知权限 -->
29    <uses-permission android:name="android.permission.POST_NOTIFICATIONS" />
29-->src/main/AndroidManifest.xml:22:5-77
29-->src/main/AndroidManifest.xml:22:22-74
30
31    <!-- 其他 -->
32    <uses-permission android:name="android.permission.VIBRATE" />
32-->src/main/AndroidManifest.xml:25:5-66
32-->src/main/AndroidManifest.xml:25:22-63
33    <uses-permission android:name="android.permission.RECORD_AUDIO" /> <!-- Needed to properly handle media re-selection on android 14+, otherwise we run the app in compatibility mode -->
33-->[io.getstream:stream-chat-android-compose:7.3.0] AndroidManifest.xml:23:5-71
33-->[io.getstream:stream-chat-android-compose:7.3.0] AndroidManifest.xml:23:22-68
34    <uses-permission android:name="android.permission.READ_MEDIA_VISUAL_USER_SELECTED" />
34-->[io.getstream:stream-chat-android-compose:7.3.0] AndroidManifest.xml:25:5-90
34-->[io.getstream:stream-chat-android-compose:7.3.0] AndroidManifest.xml:25:22-87
35
36    <queries>
36-->[io.getstream:stream-chat-android-ui-common:7.3.0] AndroidManifest.xml:22:5-29:15
37        <intent>
37-->[io.getstream:stream-chat-android-ui-common:7.3.0] AndroidManifest.xml:23:9-25:18
38            <action android:name="android.media.action.VIDEO_CAPTURE" />
38-->[io.getstream:stream-chat-android-ui-common:7.3.0] AndroidManifest.xml:24:13-73
38-->[io.getstream:stream-chat-android-ui-common:7.3.0] AndroidManifest.xml:24:21-70
39        </intent>
40        <intent>
40-->[io.getstream:stream-chat-android-ui-common:7.3.0] AndroidManifest.xml:26:9-28:18
41            <action android:name="android.media.action.IMAGE_CAPTURE" />
41-->[io.getstream:stream-chat-android-ui-common:7.3.0] AndroidManifest.xml:27:13-73
41-->[io.getstream:stream-chat-android-ui-common:7.3.0] AndroidManifest.xml:27:21-70
42        </intent>
43    </queries>
44
45    <uses-permission android:name="android.permission.RECEIVE_BOOT_COMPLETED" />
45-->[androidx.work:work-runtime:2.9.1] AndroidManifest.xml:25:5-81
45-->[androidx.work:work-runtime:2.9.1] AndroidManifest.xml:25:22-78
46
47    <permission
47-->[androidx.core:core:1.17.0] AndroidManifest.xml:22:5-24:47
48        android:name="com.jmwl.gostudio.DYNAMIC_RECEIVER_NOT_EXPORTED_PERMISSION"
48-->[androidx.core:core:1.17.0] AndroidManifest.xml:23:9-81
49        android:protectionLevel="signature" />
49-->[androidx.core:core:1.17.0] AndroidManifest.xml:24:9-44
50
51    <uses-permission android:name="com.jmwl.gostudio.DYNAMIC_RECEIVER_NOT_EXPORTED_PERMISSION" />
51-->[androidx.core:core:1.17.0] AndroidManifest.xml:26:5-97
51-->[androidx.core:core:1.17.0] AndroidManifest.xml:26:22-94
52
53    <application
53-->src/main/AndroidManifest.xml:27:5-93:19
54        android:name="com.jmwl.gostudio.gostudio_application"
54-->src/main/AndroidManifest.xml:30:9-45
55        android:allowBackup="true"
55-->src/main/AndroidManifest.xml:28:9-35
56        android:appComponentFactory="androidx.core.app.CoreComponentFactory"
56-->[androidx.core:core:1.17.0] AndroidManifest.xml:28:18-86
57        android:extractNativeLibs="true"
58        android:icon="@mipmap/ic_launcher"
58-->src/main/AndroidManifest.xml:32:9-43
59        android:label="@string/app_name"
59-->src/main/AndroidManifest.xml:31:9-41
60        android:requestLegacyExternalStorage="true"
60-->src/main/AndroidManifest.xml:34:9-52
61        android:roundIcon="@mipmap/ic_launcher_round"
61-->src/main/AndroidManifest.xml:35:9-54
62        android:supportsRtl="true"
62-->src/main/AndroidManifest.xml:29:9-35
63        android:theme="@style/Theme.ComposeEmptyActivity"
63-->src/main/AndroidManifest.xml:36:9-58
64        android:usesCleartextTraffic="true" >
64-->src/main/AndroidManifest.xml:33:9-44
65        <activity
65-->src/main/AndroidManifest.xml:38:9-47:20
66            android:name="com.jmwl.gostudio.activity.splash_activity"
66-->src/main/AndroidManifest.xml:39:13-53
67            android:configChanges="orientation|screenSize|keyboardHidden"
67-->src/main/AndroidManifest.xml:42:13-74
68            android:exported="true"
68-->src/main/AndroidManifest.xml:40:13-36
69            android:theme="@style/Theme.ComposeEmptyActivity" >
69-->src/main/AndroidManifest.xml:41:13-62
70            <intent-filter>
70-->src/main/AndroidManifest.xml:43:13-46:29
71                <action android:name="android.intent.action.MAIN" />
71-->src/main/AndroidManifest.xml:44:17-69
71-->src/main/AndroidManifest.xml:44:25-66
72
73                <category android:name="android.intent.category.LAUNCHER" />
73-->src/main/AndroidManifest.xml:45:17-77
73-->src/main/AndroidManifest.xml:45:27-74
74            </intent-filter>
75        </activity>
76        <activity
76-->src/main/AndroidManifest.xml:49:9-53:65
77            android:name="com.jmwl.gostudio.activity.crash.crash_activity"
77-->src/main/AndroidManifest.xml:50:13-58
78            android:exported="false"
78-->src/main/AndroidManifest.xml:51:13-37
79            android:theme="@style/Theme.ComposeEmptyActivity"
79-->src/main/AndroidManifest.xml:53:13-62
80            android:windowSoftInputMode="adjustResize" />
80-->src/main/AndroidManifest.xml:52:13-55
81        <activity
81-->src/main/AndroidManifest.xml:55:9-60:77
82            android:name="com.jmwl.gostudio.activity.main_activity"
82-->src/main/AndroidManifest.xml:56:13-51
83            android:configChanges="orientation|screenSize|keyboardHidden"
83-->src/main/AndroidManifest.xml:60:13-74
84            android:exported="false"
84-->src/main/AndroidManifest.xml:57:13-37
85            android:theme="@style/Theme.ComposeEmptyActivity"
85-->src/main/AndroidManifest.xml:59:13-62
86            android:windowSoftInputMode="adjustResize" />
86-->src/main/AndroidManifest.xml:58:13-55
87        <activity
87-->src/main/AndroidManifest.xml:62:9-67:77
88            android:name="com.jmwl.gostudio.activity.install_activity"
88-->src/main/AndroidManifest.xml:63:13-54
89            android:configChanges="orientation|screenSize|keyboardHidden"
89-->src/main/AndroidManifest.xml:67:13-74
90            android:exported="false"
90-->src/main/AndroidManifest.xml:64:13-37
91            android:theme="@style/Theme.ComposeEmptyActivity"
91-->src/main/AndroidManifest.xml:66:13-62
92            android:windowSoftInputMode="adjustResize" />
92-->src/main/AndroidManifest.xml:65:13-55
93        <activity
93-->src/main/AndroidManifest.xml:69:9-74:77
94            android:name="com.jmwl.gostudio.activity.terminal_activity"
94-->src/main/AndroidManifest.xml:70:13-55
95            android:configChanges="orientation|screenSize|keyboardHidden"
95-->src/main/AndroidManifest.xml:74:13-74
96            android:exported="false"
96-->src/main/AndroidManifest.xml:71:13-37
97            android:theme="@style/Theme.ComposeEmptyActivity"
97-->src/main/AndroidManifest.xml:73:13-62
98            android:windowSoftInputMode="adjustResize" />
98-->src/main/AndroidManifest.xml:72:13-55
99        <activity
99-->src/main/AndroidManifest.xml:76:9-81:77
100            android:name="com.jmwl.gostudio.activity.editor_activity"
100-->src/main/AndroidManifest.xml:77:13-53
101            android:configChanges="orientation|screenSize|keyboardHidden"
101-->src/main/AndroidManifest.xml:81:13-74
102            android:exported="false"
102-->src/main/AndroidManifest.xml:78:13-37
103            android:theme="@style/Theme.ComposeEmptyActivity"
103-->src/main/AndroidManifest.xml:80:13-62
104            android:windowSoftInputMode="adjustResize" />
104-->src/main/AndroidManifest.xml:79:13-55
105
106        <service
106-->src/main/AndroidManifest.xml:83:9-91:19
107            android:name="com.jmwl.gostudio.service.keep_alive_service"
107-->src/main/AndroidManifest.xml:84:13-55
108            android:enabled="true"
108-->src/main/AndroidManifest.xml:85:13-35
109            android:exported="false"
109-->src/main/AndroidManifest.xml:86:13-37
110            android:foregroundServiceType="specialUse" >
110-->src/main/AndroidManifest.xml:87:13-55
111            <property
111-->src/main/AndroidManifest.xml:88:13-90:74
112                android:name="android.foreground_service_type_special_use_description"
112-->src/main/AndroidManifest.xml:89:17-87
113                android:value="Continuous operation in the background" />
113-->src/main/AndroidManifest.xml:90:17-71
114        </service>
115
116        <activity
116-->[io.getstream:stream-chat-android-compose:7.3.0] AndroidManifest.xml:28:9-31:65
117            android:name="io.getstream.chat.android.compose.ui.attachments.preview.MediaPreviewActivity"
117-->[io.getstream:stream-chat-android-compose:7.3.0] AndroidManifest.xml:29:13-105
118            android:exported="false"
118-->[io.getstream:stream-chat-android-compose:7.3.0] AndroidManifest.xml:30:13-37
119            android:theme="@style/StreamCompose.MediaPreview" />
119-->[io.getstream:stream-chat-android-compose:7.3.0] AndroidManifest.xml:31:13-62
120        <activity
120-->[io.getstream:stream-chat-android-compose:7.3.0] AndroidManifest.xml:32:9-35:72
121            android:name="io.getstream.chat.android.compose.ui.attachments.preview.MediaGalleryPreviewActivity"
121-->[io.getstream:stream-chat-android-compose:7.3.0] AndroidManifest.xml:33:13-112
122            android:exported="false"
122-->[io.getstream:stream-chat-android-compose:7.3.0] AndroidManifest.xml:34:13-37
123            android:theme="@style/StreamCompose.MediaGalleryPreview" />
123-->[io.getstream:stream-chat-android-compose:7.3.0] AndroidManifest.xml:35:13-69
124
125        <provider
125-->[io.getstream:stream-chat-android-ui-common:7.3.0] AndroidManifest.xml:32:9-40:20
126            android:name="io.getstream.chat.android.ui.common.StreamFileProvider"
126-->[io.getstream:stream-chat-android-ui-common:7.3.0] AndroidManifest.xml:33:13-82
127            android:authorities="com.jmwl.gostudio.streamfileprovider"
127-->[io.getstream:stream-chat-android-ui-common:7.3.0] AndroidManifest.xml:34:13-70
128            android:exported="false"
128-->[io.getstream:stream-chat-android-ui-common:7.3.0] AndroidManifest.xml:35:13-37
129            android:grantUriPermissions="true" >
129-->[io.getstream:stream-chat-android-ui-common:7.3.0] AndroidManifest.xml:36:13-47
130            <meta-data
130-->[io.getstream:stream-chat-android-ui-common:7.3.0] AndroidManifest.xml:37:13-39:60
131                android:name="android.support.FILE_PROVIDER_PATHS"
131-->[io.getstream:stream-chat-android-ui-common:7.3.0] AndroidManifest.xml:38:17-67
132                android:resource="@xml/stream_filepaths" />
132-->[io.getstream:stream-chat-android-ui-common:7.3.0] AndroidManifest.xml:39:17-57
133        </provider>
134        <provider
134-->[io.getstream:stream-chat-android-client:7.3.0] AndroidManifest.xml:28:9-36:20
135            android:name="io.getstream.android.push.delegate.AndroidPushDelegateProvider"
135-->[io.getstream:stream-chat-android-client:7.3.0] AndroidManifest.xml:29:13-90
136            android:authorities="com.jmwl.gostudio.io.getstream.android.push"
136-->[io.getstream:stream-chat-android-client:7.3.0] AndroidManifest.xml:30:13-77
137            android:exported="false" >
137-->[io.getstream:stream-chat-android-client:7.3.0] AndroidManifest.xml:31:13-37
138            <meta-data
138-->[io.getstream:stream-chat-android-client:7.3.0] AndroidManifest.xml:33:13-35:74
139                android:name="io.getstream.chat.android.client.notifications.ChatPushDelegate"
139-->[io.getstream:stream-chat-android-client:7.3.0] AndroidManifest.xml:34:17-95
140                android:value="io.getstream.android.push.PushDelegate" />
140-->[io.getstream:stream-chat-android-client:7.3.0] AndroidManifest.xml:35:17-71
141        </provider>
142
143        <receiver
143-->[io.getstream:stream-chat-android-client:7.3.0] AndroidManifest.xml:38:9-46:20
144            android:name="io.getstream.chat.android.client.receivers.NotificationMessageReceiver"
144-->[io.getstream:stream-chat-android-client:7.3.0] AndroidManifest.xml:39:13-98
145            android:enabled="true"
145-->[io.getstream:stream-chat-android-client:7.3.0] AndroidManifest.xml:40:13-35
146            android:exported="false" >
146-->[io.getstream:stream-chat-android-client:7.3.0] AndroidManifest.xml:41:13-37
147            <intent-filter>
147-->[io.getstream:stream-chat-android-client:7.3.0] AndroidManifest.xml:42:13-45:29
148                <action android:name="io.getstream.chat.android.READ" />
148-->[io.getstream:stream-chat-android-client:7.3.0] AndroidManifest.xml:43:17-73
148-->[io.getstream:stream-chat-android-client:7.3.0] AndroidManifest.xml:43:25-70
149                <action android:name="io.getstream.chat.android.REPLY" />
149-->[io.getstream:stream-chat-android-client:7.3.0] AndroidManifest.xml:44:17-74
149-->[io.getstream:stream-chat-android-client:7.3.0] AndroidManifest.xml:44:25-71
150            </intent-filter>
151        </receiver>
152
153        <service
153-->[io.getstream:stream-chat-android-client:7.3.0] AndroidManifest.xml:48:9-51:34
154            android:name="androidx.work.impl.foreground.SystemForegroundService"
154-->[io.getstream:stream-chat-android-client:7.3.0] AndroidManifest.xml:49:13-81
155            android:directBootAware="false"
155-->[androidx.work:work-runtime:2.9.1] AndroidManifest.xml:55:13-44
156            android:enabled="@bool/enable_system_foreground_service_default"
156-->[androidx.work:work-runtime:2.9.1] AndroidManifest.xml:56:13-77
157            android:exported="false"
157-->[androidx.work:work-runtime:2.9.1] AndroidManifest.xml:57:13-37
158            android:foregroundServiceType="shortService" />
158-->[io.getstream:stream-chat-android-client:7.3.0] AndroidManifest.xml:50:13-57
159
160        <activity
160-->[androidx.compose.ui:ui-tooling-android:1.9.4] AndroidManifest.xml:23:9-25:39
161            android:name="androidx.compose.ui.tooling.PreviewActivity"
161-->[androidx.compose.ui:ui-tooling-android:1.9.4] AndroidManifest.xml:24:13-71
162            android:exported="true" />
162-->[androidx.compose.ui:ui-tooling-android:1.9.4] AndroidManifest.xml:25:13-36
163
164        <provider
164-->[androidx.work:work-runtime:2.9.1] AndroidManifest.xml:29:9-37:20
165            android:name="androidx.startup.InitializationProvider"
165-->[androidx.work:work-runtime:2.9.1] AndroidManifest.xml:30:13-67
166            android:authorities="com.jmwl.gostudio.androidx-startup"
166-->[androidx.work:work-runtime:2.9.1] AndroidManifest.xml:31:13-68
167            android:exported="false" >
167-->[androidx.work:work-runtime:2.9.1] AndroidManifest.xml:32:13-37
168            <meta-data
168-->[androidx.work:work-runtime:2.9.1] AndroidManifest.xml:34:13-36:52
169                android:name="androidx.work.WorkManagerInitializer"
169-->[androidx.work:work-runtime:2.9.1] AndroidManifest.xml:35:17-68
170                android:value="androidx.startup" />
170-->[androidx.work:work-runtime:2.9.1] AndroidManifest.xml:36:17-49
171            <meta-data
171-->[androidx.emoji2:emoji2:1.4.0] AndroidManifest.xml:29:13-31:52
172                android:name="androidx.emoji2.text.EmojiCompatInitializer"
172-->[androidx.emoji2:emoji2:1.4.0] AndroidManifest.xml:30:17-75
173                android:value="androidx.startup" />
173-->[androidx.emoji2:emoji2:1.4.0] AndroidManifest.xml:31:17-49
174            <meta-data
174-->[androidx.lifecycle:lifecycle-process:2.9.4] AndroidManifest.xml:29:13-31:52
175                android:name="androidx.lifecycle.ProcessLifecycleInitializer"
175-->[androidx.lifecycle:lifecycle-process:2.9.4] AndroidManifest.xml:30:17-78
176                android:value="androidx.startup" />
176-->[androidx.lifecycle:lifecycle-process:2.9.4] AndroidManifest.xml:31:17-49
177            <meta-data
177-->[io.getstream:stream-android-push-permissions-android:1.3.1] AndroidManifest.xml:32:13-34:52
178                android:name="io.getstream.android.push.permissions.PushPermissionsInitializer"
178-->[io.getstream:stream-android-push-permissions-android:1.3.1] AndroidManifest.xml:33:17-96
179                android:value="androidx.startup" />
179-->[io.getstream:stream-android-push-permissions-android:1.3.1] AndroidManifest.xml:34:17-49
180            <meta-data
180-->[androidx.profileinstaller:profileinstaller:1.4.1] AndroidManifest.xml:29:13-31:52
181                android:name="androidx.profileinstaller.ProfileInstallerInitializer"
181-->[androidx.profileinstaller:profileinstaller:1.4.1] AndroidManifest.xml:30:17-85
182                android:value="androidx.startup" />
182-->[androidx.profileinstaller:profileinstaller:1.4.1] AndroidManifest.xml:31:17-49
183        </provider>
184
185        <service
185-->[androidx.work:work-runtime:2.9.1] AndroidManifest.xml:39:9-45:35
186            android:name="androidx.work.impl.background.systemalarm.SystemAlarmService"
186-->[androidx.work:work-runtime:2.9.1] AndroidManifest.xml:40:13-88
187            android:directBootAware="false"
187-->[androidx.work:work-runtime:2.9.1] AndroidManifest.xml:41:13-44
188            android:enabled="@bool/enable_system_alarm_service_default"
188-->[androidx.work:work-runtime:2.9.1] AndroidManifest.xml:42:13-72
189            android:exported="false" />
189-->[androidx.work:work-runtime:2.9.1] AndroidManifest.xml:43:13-37
190        <service
190-->[androidx.work:work-runtime:2.9.1] AndroidManifest.xml:46:9-52:35
191            android:name="androidx.work.impl.background.systemjob.SystemJobService"
191-->[androidx.work:work-runtime:2.9.1] AndroidManifest.xml:47:13-84
192            android:directBootAware="false"
192-->[androidx.work:work-runtime:2.9.1] AndroidManifest.xml:48:13-44
193            android:enabled="@bool/enable_system_job_service_default"
193-->[androidx.work:work-runtime:2.9.1] AndroidManifest.xml:49:13-70
194            android:exported="true"
194-->[androidx.work:work-runtime:2.9.1] AndroidManifest.xml:50:13-36
195            android:permission="android.permission.BIND_JOB_SERVICE" />
195-->[androidx.work:work-runtime:2.9.1] AndroidManifest.xml:51:13-69
196
197        <receiver
197-->[androidx.work:work-runtime:2.9.1] AndroidManifest.xml:61:9-66:35
198            android:name="androidx.work.impl.utils.ForceStopRunnable$BroadcastReceiver"
198-->[androidx.work:work-runtime:2.9.1] AndroidManifest.xml:62:13-88
199            android:directBootAware="false"
199-->[androidx.work:work-runtime:2.9.1] AndroidManifest.xml:63:13-44
200            android:enabled="true"
200-->[androidx.work:work-runtime:2.9.1] AndroidManifest.xml:64:13-35
201            android:exported="false" />
201-->[androidx.work:work-runtime:2.9.1] AndroidManifest.xml:65:13-37
202        <receiver
202-->[androidx.work:work-runtime:2.9.1] AndroidManifest.xml:67:9-77:20
203            android:name="androidx.work.impl.background.systemalarm.ConstraintProxy$BatteryChargingProxy"
203-->[androidx.work:work-runtime:2.9.1] AndroidManifest.xml:68:13-106
204            android:directBootAware="false"
204-->[androidx.work:work-runtime:2.9.1] AndroidManifest.xml:69:13-44
205            android:enabled="false"
205-->[androidx.work:work-runtime:2.9.1] AndroidManifest.xml:70:13-36
206            android:exported="false" >
206-->[androidx.work:work-runtime:2.9.1] AndroidManifest.xml:71:13-37
207            <intent-filter>
207-->[androidx.work:work-runtime:2.9.1] AndroidManifest.xml:73:13-76:29
208                <action android:name="android.intent.action.ACTION_POWER_CONNECTED" />
208-->[androidx.work:work-runtime:2.9.1] AndroidManifest.xml:74:17-87
208-->[androidx.work:work-runtime:2.9.1] AndroidManifest.xml:74:25-84
209                <action android:name="android.intent.action.ACTION_POWER_DISCONNECTED" />
209-->[androidx.work:work-runtime:2.9.1] AndroidManifest.xml:75:17-90
209-->[androidx.work:work-runtime:2.9.1] AndroidManifest.xml:75:25-87
210            </intent-filter>
211        </receiver>
212        <receiver
212-->[androidx.work:work-runtime:2.9.1] AndroidManifest.xml:78:9-88:20
213            android:name="androidx.work.impl.background.systemalarm.ConstraintProxy$BatteryNotLowProxy"
213-->[androidx.work:work-runtime:2.9.1] AndroidManifest.xml:79:13-104
214            android:directBootAware="false"
214-->[androidx.work:work-runtime:2.9.1] AndroidManifest.xml:80:13-44
215            android:enabled="false"
215-->[androidx.work:work-runtime:2.9.1] AndroidManifest.xml:81:13-36
216            android:exported="false" >
216-->[androidx.work:work-runtime:2.9.1] AndroidManifest.xml:82:13-37
217            <intent-filter>
217-->[androidx.work:work-runtime:2.9.1] AndroidManifest.xml:84:13-87:29
218                <action android:name="android.intent.action.BATTERY_OKAY" />
218-->[androidx.work:work-runtime:2.9.1] AndroidManifest.xml:85:17-77
218-->[androidx.work:work-runtime:2.9.1] AndroidManifest.xml:85:25-74
219                <action android:name="android.intent.action.BATTERY_LOW" />
219-->[androidx.work:work-runtime:2.9.1] AndroidManifest.xml:86:17-76
219-->[androidx.work:work-runtime:2.9.1] AndroidManifest.xml:86:25-73
220            </intent-filter>
221        </receiver>
222        <receiver
222-->[androidx.work:work-runtime:2.9.1] AndroidManifest.xml:89:9-99:20
223            android:name="androidx.work.impl.background.systemalarm.ConstraintProxy$StorageNotLowProxy"
223-->[androidx.work:work-runtime:2.9.1] AndroidManifest.xml:90:13-104
224            android:directBootAware="false"
224-->[androidx.work:work-runtime:2.9.1] AndroidManifest.xml:91:13-44
225            android:enabled="false"
225-->[androidx.work:work-runtime:2.9.1] AndroidManifest.xml:92:13-36
226            android:exported="false" >
226-->[androidx.work:work-runtime:2.9.1] AndroidManifest.xml:93:13-37
227            <intent-filter>
227-->[androidx.work:work-runtime:2.9.1] AndroidManifest.xml:95:13-98:29
228                <action android:name="android.intent.action.DEVICE_STORAGE_LOW" />
228-->[androidx.work:work-runtime:2.9.1] AndroidManifest.xml:96:17-83
228-->[androidx.work:work-runtime:2.9.1] AndroidManifest.xml:96:25-80
229                <action android:name="android.intent.action.DEVICE_STORAGE_OK" />
229-->[androidx.work:work-runtime:2.9.1] AndroidManifest.xml:97:17-82
229-->[androidx.work:work-runtime:2.9.1] AndroidManifest.xml:97:25-79
230            </intent-filter>
231        </receiver>
232        <receiver
232-->[androidx.work:work-runtime:2.9.1] AndroidManifest.xml:100:9-109:20
233            android:name="androidx.work.impl.background.systemalarm.ConstraintProxy$NetworkStateProxy"
233-->[androidx.work:work-runtime:2.9.1] AndroidManifest.xml:101:13-103
234            android:directBootAware="false"
234-->[androidx.work:work-runtime:2.9.1] AndroidManifest.xml:102:13-44
235            android:enabled="false"
235-->[androidx.work:work-runtime:2.9.1] AndroidManifest.xml:103:13-36
236            android:exported="false" >
236-->[androidx.work:work-runtime:2.9.1] AndroidManifest.xml:104:13-37
237            <intent-filter>
237-->[androidx.work:work-runtime:2.9.1] AndroidManifest.xml:106:13-108:29
238                <action android:name="android.net.conn.CONNECTIVITY_CHANGE" />
238-->[androidx.work:work-runtime:2.9.1] AndroidManifest.xml:107:17-79
238-->[androidx.work:work-runtime:2.9.1] AndroidManifest.xml:107:25-76
239            </intent-filter>
240        </receiver>
241        <receiver
241-->[androidx.work:work-runtime:2.9.1] AndroidManifest.xml:110:9-121:20
242            android:name="androidx.work.impl.background.systemalarm.RescheduleReceiver"
242-->[androidx.work:work-runtime:2.9.1] AndroidManifest.xml:111:13-88
243            android:directBootAware="false"
243-->[androidx.work:work-runtime:2.9.1] AndroidManifest.xml:112:13-44
244            android:enabled="false"
244-->[androidx.work:work-runtime:2.9.1] AndroidManifest.xml:113:13-36
245            android:exported="false" >
245-->[androidx.work:work-runtime:2.9.1] AndroidManifest.xml:114:13-37
246            <intent-filter>
246-->[androidx.work:work-runtime:2.9.1] AndroidManifest.xml:116:13-120:29
247                <action android:name="android.intent.action.BOOT_COMPLETED" />
247-->[androidx.work:work-runtime:2.9.1] AndroidManifest.xml:117:17-79
247-->[androidx.work:work-runtime:2.9.1] AndroidManifest.xml:117:25-76
248                <action android:name="android.intent.action.TIME_SET" />
248-->[androidx.work:work-runtime:2.9.1] AndroidManifest.xml:118:17-73
248-->[androidx.work:work-runtime:2.9.1] AndroidManifest.xml:118:25-70
249                <action android:name="android.intent.action.TIMEZONE_CHANGED" />
249-->[androidx.work:work-runtime:2.9.1] AndroidManifest.xml:119:17-81
249-->[androidx.work:work-runtime:2.9.1] AndroidManifest.xml:119:25-78
250            </intent-filter>
251        </receiver>
252        <receiver
252-->[androidx.work:work-runtime:2.9.1] AndroidManifest.xml:122:9-131:20
253            android:name="androidx.work.impl.background.systemalarm.ConstraintProxyUpdateReceiver"
253-->[androidx.work:work-runtime:2.9.1] AndroidManifest.xml:123:13-99
254            android:directBootAware="false"
254-->[androidx.work:work-runtime:2.9.1] AndroidManifest.xml:124:13-44
255            android:enabled="@bool/enable_system_alarm_service_default"
255-->[androidx.work:work-runtime:2.9.1] AndroidManifest.xml:125:13-72
256            android:exported="false" >
256-->[androidx.work:work-runtime:2.9.1] AndroidManifest.xml:126:13-37
257            <intent-filter>
257-->[androidx.work:work-runtime:2.9.1] AndroidManifest.xml:128:13-130:29
258                <action android:name="androidx.work.impl.background.systemalarm.UpdateProxies" />
258-->[androidx.work:work-runtime:2.9.1] AndroidManifest.xml:129:17-98
258-->[androidx.work:work-runtime:2.9.1] AndroidManifest.xml:129:25-95
259            </intent-filter>
260        </receiver>
261        <receiver
261-->[androidx.work:work-runtime:2.9.1] AndroidManifest.xml:132:9-142:20
262            android:name="androidx.work.impl.diagnostics.DiagnosticsReceiver"
262-->[androidx.work:work-runtime:2.9.1] AndroidManifest.xml:133:13-78
263            android:directBootAware="false"
263-->[androidx.work:work-runtime:2.9.1] AndroidManifest.xml:134:13-44
264            android:enabled="true"
264-->[androidx.work:work-runtime:2.9.1] AndroidManifest.xml:135:13-35
265            android:exported="true"
265-->[androidx.work:work-runtime:2.9.1] AndroidManifest.xml:136:13-36
266            android:permission="android.permission.DUMP" >
266-->[androidx.work:work-runtime:2.9.1] AndroidManifest.xml:137:13-57
267            <intent-filter>
267-->[androidx.work:work-runtime:2.9.1] AndroidManifest.xml:139:13-141:29
268                <action android:name="androidx.work.diagnostics.REQUEST_DIAGNOSTICS" />
268-->[androidx.work:work-runtime:2.9.1] AndroidManifest.xml:140:17-88
268-->[androidx.work:work-runtime:2.9.1] AndroidManifest.xml:140:25-85
269            </intent-filter>
270        </receiver>
271
272        <uses-library
272-->[androidx.window:window:1.4.0] AndroidManifest.xml:23:9-25:40
273            android:name="androidx.window.extensions"
273-->[androidx.window:window:1.4.0] AndroidManifest.xml:24:13-54
274            android:required="false" />
274-->[androidx.window:window:1.4.0] AndroidManifest.xml:25:13-37
275        <uses-library
275-->[androidx.window:window:1.4.0] AndroidManifest.xml:26:9-28:40
276            android:name="androidx.window.sidecar"
276-->[androidx.window:window:1.4.0] AndroidManifest.xml:27:13-51
277            android:required="false" />
277-->[androidx.window:window:1.4.0] AndroidManifest.xml:28:13-37
278
279        <service
279-->[androidx.room:room-runtime-android:2.7.2] AndroidManifest.xml:24:9-28:63
280            android:name="androidx.room.MultiInstanceInvalidationService"
280-->[androidx.room:room-runtime-android:2.7.2] AndroidManifest.xml:25:13-74
281            android:directBootAware="true"
281-->[androidx.room:room-runtime-android:2.7.2] AndroidManifest.xml:26:13-43
282            android:exported="false" />
282-->[androidx.room:room-runtime-android:2.7.2] AndroidManifest.xml:27:13-37
283
284        <receiver
284-->[androidx.profileinstaller:profileinstaller:1.4.1] AndroidManifest.xml:34:9-52:20